<?xml version="1.0" encoding="UTF-8"?>
<!-- Generated by org.testng.reporters.JUnitReportReporter -->
<testsuite skipped="0" hostname="DESKTOP-69FB78P" name="Execution.Execute" tests="1" failures="0" timestamp="21 Jun 2018 11:48:45 GMT" time="15.319" errors="0">
  <testcase name="exe" time="15.319" classname="Execution.Execute"/>
</testsuite> <!-- Execution.Execute -->
